<?xml version="1.0" encoding="UTF-8" standalone="no"?>
<testsuite failures="0" name="cucumber.runtime.formatter.JUnitFormatter" skipped="3" tests="3" time="0.031938">
<testcase classname="Clickup board" name="Update Board name" time="0.019995">
<skipped><![CDATA[When User creates new folder in Clickup with id "2493404"...................undefined
And Then he check is folder is created......................................undefined
Then Delete folder that has been created....................................undefined
]]></skipped>
</testcase>
<testcase classname="Clickup board" name="Add folder and list in Clickup" time="0.005146">
<skipped><![CDATA[When User creates new folder in Clickup with id "2572551" and name "Helo"...undefined
And User creates a lsit with a name of "List name"..........................undefined
Then User verifys that lsit has been made...................................undefined
]]></skipped>
</testcase>
<testcase classname="Clickup board" name="Update space name" time="0.006797">
<skipped><![CDATA[When User updates Clickup with id "2572551" and name of it "New king".......undefined
Then User check if folder has been made "New king"..........................undefined
And And creates a task "nee"................................................undefined
Then User check if every thing has been changed.............................undefined
]]></skipped>
</testcase>
</testsuite>
